<?xml version="1.0" encoding="UTF-8"?>
<!-- Generated by org.testng.reporters.JUnitReportReporter -->
<testsuite hostname="nb-asafs-10" name="com.perfecto.testng.selenium.TestNGSeleniumSearch" tests="1" failures="0" timestamp="28 Mar 2016 15:35:39 GMT" time="89.568" errors="0">
  <testcase name="searchTestNGInGoogle" time="89.568" classname="com.perfecto.testng.selenium.TestNGSeleniumSearch"/>
</testsuite> <!-- com.perfecto.testng.selenium.TestNGSeleniumSearch -->
