<?xml version="1.0" encoding="UTF-8"?>
<!-- Generated by org.testng.reporters.JUnitReportReporter -->
<testsuite hostname="BoulderdashNuc" name="com.perfecto.demo.tests.eBay.LoginToeBayTest" tests="4" failures="0" timestamp="31 Mar 2016 18:43:49 GMT" time="0.072" errors="4">
  <testcase name="loginWithInvalidCredentials" time="0.018" classname="com.perfecto.demo.tests.eBay.LoginToeBayTest">
    <error type="org.testng.TestNGException" message="
Parameter &#039;deviceID&#039; is required by @Configuration on method beforeTest but has not been marked @Optional or defined
in C:\Users\asaf.saar\Development\workspace\eBayResponsiveWebAppProject\testng.xml">
      <![CDATA[org.testng.TestNGException: 
Parameter 'deviceID' is required by @Configuration on method beforeTest but has not been marked @Optional or defined
in C:\Users\asaf.saar\Development\workspace\eBayResponsiveWebAppProject\testng.xml
	at org.testng.internal.Parameters.createParameters(Parameters.java:154)
	at org.testng.internal.Parameters.createParameters(Parameters.java:361)
	at org.testng.internal.Parameters.createConfigurationParameters(Parameters.java:84)
	at org.testng.internal.Invoker.invokeConfigurations(Invoker.java:197)
	at org.testng.internal.Invoker.invokeConfigurations(Invoker.java:138)
	at org.testng.TestRunner.beforeRun(TestRunner.java:648)
	at org.testng.TestRunner.run(TestRunner.java:616)
	at org.testng.SuiteRunner.runTest(SuiteRunner.java:359)
	at org.testng.SuiteRunner.access$000(SuiteRunner.java:39)
	at org.testng.SuiteRunner$SuiteWorker.run(SuiteRunner.java:393)
	at org.testng.internal.thread.ThreadUtil$2.call(ThreadUtil.java:64)
	at java.util.concurrent.FutureTask.run(FutureTask.java:262)
	at java.util.concurrent.ThreadPoolExecutor.runWorker(ThreadPoolExecutor.java:1145)
	at java.util.concurrent.ThreadPoolExecutor$Worker.run(ThreadPoolExecutor.java:615)
	at java.lang.Thread.run(Thread.java:745)
]]>
    </error>
  </testcase> <!-- loginWithInvalidCredentials -->
  <testcase name="loginWithInvalidCredentials" time="0.018" classname="com.perfecto.demo.tests.eBay.LoginToeBayTest">
    <error type="org.testng.TestNGException" message="
Parameter &#039;deviceID&#039; is required by @Configuration on method beforeTest but has not been marked @Optional or defined
in C:\Users\asaf.saar\Development\workspace\eBayResponsiveWebAppProject\testng.xml">
      <![CDATA[org.testng.TestNGException: 
Parameter 'deviceID' is required by @Configuration on method beforeTest but has not been marked @Optional or defined
in C:\Users\asaf.saar\Development\workspace\eBayResponsiveWebAppProject\testng.xml
	at org.testng.internal.Parameters.createParameters(Parameters.java:154)
	at org.testng.internal.Parameters.createParameters(Parameters.java:361)
	at org.testng.internal.Parameters.createConfigurationParameters(Parameters.java:84)
	at org.testng.internal.Invoker.invokeConfigurations(Invoker.java:197)
	at org.testng.internal.Invoker.invokeConfigurations(Invoker.java:138)
	at org.testng.TestRunner.beforeRun(TestRunner.java:648)
	at org.testng.TestRunner.run(TestRunner.java:616)
	at org.testng.SuiteRunner.runTest(SuiteRunner.java:359)
	at org.testng.SuiteRunner.access$000(SuiteRunner.java:39)
	at org.testng.SuiteRunner$SuiteWorker.run(SuiteRunner.java:393)
	at org.testng.internal.thread.ThreadUtil$2.call(ThreadUtil.java:64)
	at java.util.concurrent.FutureTask.run(FutureTask.java:262)
	at java.util.concurrent.ThreadPoolExecutor.runWorker(ThreadPoolExecutor.java:1145)
	at java.util.concurrent.ThreadPoolExecutor$Worker.run(ThreadPoolExecutor.java:615)
	at java.lang.Thread.run(Thread.java:745)
]]>
    </error>
  </testcase> <!-- loginWithInvalidCredentials -->
  <testcase name="loginWithInvalidCredentials" time="0.018" classname="com.perfecto.demo.tests.eBay.LoginToeBayTest">
    <error type="org.testng.TestNGException" message="
Parameter &#039;deviceID&#039; is required by @Configuration on method beforeTest but has not been marked @Optional or defined
in C:\Users\asaf.saar\Development\workspace\eBayResponsiveWebAppProject\testng.xml">
      <![CDATA[org.testng.TestNGException: 
Parameter 'deviceID' is required by @Configuration on method beforeTest but has not been marked @Optional or defined
in C:\Users\asaf.saar\Development\workspace\eBayResponsiveWebAppProject\testng.xml
	at org.testng.internal.Parameters.createParameters(Parameters.java:154)
	at org.testng.internal.Parameters.createParameters(Parameters.java:361)
	at org.testng.internal.Parameters.createConfigurationParameters(Parameters.java:84)
	at org.testng.internal.Invoker.invokeConfigurations(Invoker.java:197)
	at org.testng.internal.Invoker.invokeConfigurations(Invoker.java:138)
	at org.testng.TestRunner.beforeRun(TestRunner.java:648)
	at org.testng.TestRunner.run(TestRunner.java:616)
	at org.testng.SuiteRunner.runTest(SuiteRunner.java:359)
	at org.testng.SuiteRunner.access$000(SuiteRunner.java:39)
	at org.testng.SuiteRunner$SuiteWorker.run(SuiteRunner.java:393)
	at org.testng.internal.thread.ThreadUtil$2.call(ThreadUtil.java:64)
	at java.util.concurrent.FutureTask.run(FutureTask.java:262)
	at java.util.concurrent.ThreadPoolExecutor.runWorker(ThreadPoolExecutor.java:1145)
	at java.util.concurrent.ThreadPoolExecutor$Worker.run(ThreadPoolExecutor.java:615)
	at java.lang.Thread.run(Thread.java:745)
]]>
    </error>
  </testcase> <!-- loginWithInvalidCredentials -->
  <testcase name="loginWithInvalidCredentials" time="0.018" classname="com.perfecto.demo.tests.eBay.LoginToeBayTest">
    <error type="org.testng.TestNGException" message="
Parameter &#039;deviceID&#039; is required by @Configuration on method beforeTest but has not been marked @Optional or defined
in C:\Users\asaf.saar\Development\workspace\eBayResponsiveWebAppProject\testng.xml">
      <![CDATA[org.testng.TestNGException: 
Parameter 'deviceID' is required by @Configuration on method beforeTest but has not been marked @Optional or defined
in C:\Users\asaf.saar\Development\workspace\eBayResponsiveWebAppProject\testng.xml
	at org.testng.internal.Parameters.createParameters(Parameters.java:154)
	at org.testng.internal.Parameters.createParameters(Parameters.java:361)
	at org.testng.internal.Parameters.createConfigurationParameters(Parameters.java:84)
	at org.testng.internal.Invoker.invokeConfigurations(Invoker.java:197)
	at org.testng.internal.Invoker.invokeConfigurations(Invoker.java:138)
	at org.testng.TestRunner.beforeRun(TestRunner.java:648)
	at org.testng.TestRunner.run(TestRunner.java:616)
	at org.testng.SuiteRunner.runTest(SuiteRunner.java:359)
	at org.testng.SuiteRunner.access$000(SuiteRunner.java:39)
	at org.testng.SuiteRunner$SuiteWorker.run(SuiteRunner.java:393)
	at org.testng.internal.thread.ThreadUtil$2.call(ThreadUtil.java:64)
	at java.util.concurrent.FutureTask.run(FutureTask.java:262)
	at java.util.concurrent.ThreadPoolExecutor.runWorker(ThreadPoolExecutor.java:1145)
	at java.util.concurrent.ThreadPoolExecutor$Worker.run(ThreadPoolExecutor.java:615)
	at java.lang.Thread.run(Thread.java:745)
]]>
    </error>
  </testcase> <!-- loginWithInvalidCredentials -->
</testsuite> <!-- com.perfecto.demo.tests.eBay.LoginToeBayTest -->
