<?xml version="1.0" encoding="UTF-8"?>
<!-- Generated by org.testng.reporters.JUnitReportReporter -->
<testsuite hostname="nb-asafs-10" name="com.perfecto.testing.WebScenarioParallel" tests="8" failures="0" timestamp="31 Mar 2016 19:12:00 GMT" time="87.345" errors="0">
  <testcase name="searchGoogle" time="8.737" classname="com.perfecto.testing.WebScenarioParallel"/>
  <testcase name="geicoInsurance" time="12.193" classname="com.perfecto.testing.WebScenarioParallel"/>
  <testcase name="searchGoogle" time="10.372" classname="com.perfecto.testing.WebScenarioParallel"/>
  <testcase name="searchGoogle" time="3.413" classname="com.perfecto.testing.WebScenarioParallel"/>
  <testcase name="geicoInsurance" time="19.138" classname="com.perfecto.testing.WebScenarioParallel"/>
  <testcase name="geicoInsurance" time="4.011" classname="com.perfecto.testing.WebScenarioParallel"/>
  <testcase name="geicoInsurance" time="22.512" classname="com.perfecto.testing.WebScenarioParallel"/>
  <testcase name="searchGoogle" time="6.969" classname="com.perfecto.testing.WebScenarioParallel"/>
</testsuite> <!-- com.perfecto.testing.WebScenarioParallel -->
