<?xml version="1.0" encoding="UTF-8"?>
<!-- Generated by org.testng.reporters.JUnitReportReporter -->
<testsuite hostname="ws-daniela-10" name="DragAndDropSample" tests="1" failures="0" timestamp="8 May 2016 07:39:52 GMT" time="62.531" errors="0">
  <testcase name="f" time="62.531" classname="DragAndDropSample"/>
</testsuite> <!-- DragAndDropSample -->
